<?xml version="1.0" encoding="UTF-8"?>
<robot generator="Robot 4.1.3 (Python 3.10.2 on win32)" generated="20220213 15:44:27.041" rpa="false" schemaversion="2">
<suite id="s1" name="Api-Testing-Robot" source="C:\Users\Markus\Documents\Robocorp\Robots\api-testing-robot">
<suite id="s1-s1" name="Tasks" source="C:\Users\Markus\Documents\Robocorp\Robots\api-testing-robot\tasks.robot">
<test id="s1-s1-t1" name="Get data from the API">
<kw name="Create Session" library="RequestsLibrary">
<arg>get_user_data</arg>
<arg>${base_url}</arg>
<doc>Create Session: create a HTTP session to a server</doc>
<msg timestamp="20220213 15:44:27.155" level="INFO">Creating Session using : alias=get_user_data, url=https://jsonplaceholder.typicode.com, headers={},                     cookies={}, auth=None, timeout=None, proxies=None, verify=False,                     debug=0 </msg>
<status status="PASS" starttime="20220213 15:44:27.154" endtime="20220213 15:44:27.155"/>
</kw>
<kw name="GET On Session" library="RequestsLibrary">
<var>${response}</var>
<arg>get_user_data</arg>
<arg>${extension}</arg>
<doc>Sends a GET request on a previously created HTTP Session.</doc>
<msg timestamp="20220213 15:44:27.282" level="INFO">GET Request : url=https://jsonplaceholder.typicode.com/users 
 path_url=/users 
 headers={'User-Agent': 'python-requests/2.27.1', 'Accept-Encoding': 'gzip, deflate', 'Accept': '*/*', 'Connection': 'keep-alive'} 
 body=None 
 </msg>
<msg timestamp="20220213 15:44:27.282" level="INFO">GET Response : url=https://jsonplaceholder.typicode.com/users 
 status=200, reason=OK 
 headers={'Date': 'Sun, 13 Feb 2022 13:44:27 GMT', 'Content-Type': 'application/json; charset=utf-8', 'Transfer-Encoding': 'chunked', 'Connection': 'keep-alive', 'x-powered-by': 'Express', 'x-ratelimit-limit': '1000', 'x-ratelimit-remaining': '999', 'x-ratelimit-reset': '1644213231', 'vary': 'Origin, Accept-Encoding', 'access-control-allow-credentials': 'true', 'cache-control': 'max-age=43200', 'pragma': 'no-cache', 'expires': '-1', 'x-content-type-options': 'nosniff', 'etag': 'W/"160d-1eMSsxeJRfnVLRBmYJSbCiJZ1qQ"', 'content-encoding': 'gzip', 'via': '1.1 vegur', 'CF-Cache-Status': 'HIT', 'Age': '19188', 'Expect-CT': 'max-age=604800, report-uri="https://report-uri.cloudflare.com/cdn-cgi/beacon/expect-ct"', 'Report-To': '{"endpoints":[{"url":"https:\\/\\/a.nel.cloudflare.com\\/report\\/v3?s=002eIqb1YNBjKRT1kTo1qhueb0%2FMl5D2oHZRnujXeaYjpKP7%2FKxpWNWZapgwQuMnY2%2Bt0DklDqQLI1VsY9RAZcBmsPvBTLNUiKkOKdSo4k8jRas7sfwjcPMeUaPqYcGhWvBBVIHHjZAed%2B2HQU6v"}],"group":"cf-nel","max_age":604800}', 'NEL': '{"success_fraction":0,"report_to":"cf-nel","max_age":604800}', 'Server': 'cloudflare', 'CF-RAY': '6dce7dd41dfd376f-HEL', 'alt-svc': 'h3=":443"; ma=86400, h3-29=":443"; ma=86400'} 
 body=[
  {
    "id": 1,
    "name": "Leanne Graham",
    "username": "Bret",
    "email": "Sincere@april.biz",
    "address": {
      "street": "Kulas Light",
      "suite": "Apt. 556",
      "city": "Gwenborough",
      "zipcode": "92998-3874",
      "geo": {
        "lat": "-37.3159",
        "lng": "81.1496"
      }
    },
    "phone": "1-770-736-8031 x56442",
    "website": "hildegard.org",
    "company": {
      "name": "Romaguera-Crona",
      "catchPhrase": "Multi-layered client-server neural-net",
      "bs": "harness real-time e-markets"
    }
  },
  {
    "id": 2,
    "name": "Ervin Howell",
    "username": "Antonette",
    "email": "Shanna@melissa.tv",
    "address": {
      "street": "Victor Plains",
      "suite": "Suite 879",
      "city": "Wisokyburgh",
      "zipcode": "90566-7771",
      "geo": {
        "lat": "-43.9509",
        "lng": "-34.4618"
      }
    },
    "phone": "010-692-6593 x09125",
    "website": "anastasia.net",
    "company": {
      "name": "Deckow-Crist",
      "catchPhrase": "Proactive didactic contingency",
      "bs": "synergize scalable supply-chains"
    }
  },
  {
    "id": 3,
    "name": "Clementine Bauch",
    "username": "Samantha",
    "email": "Nathan@yesenia.net",
    "address": {
      "street": "Douglas Extension",
      "suite": "Suite 847",
      "city": "McKenziehaven",
      "zipcode": "59590-4157",
      "geo": {
        "lat": "-68.6102",
        "lng": "-47.0653"
      }
    },
    "phone": "1-463-123-4447",
    "website": "ramiro.info",
    "company": {
      "name": "Romaguera-Jacobson",
      "catchPhrase": "Face to face bifurcated interface",
      "bs": "e-enable strategic applications"
    }
  },
  {
    "id": 4,
    "name": "Patricia Lebsack",
    "username": "Karianne",
    "email": "Julianne.OConner@kory.org",
    "address": {
      "street": "Hoeger Mall",
      "suite": "Apt. 692",
      "city": "South Elvis",
      "zipcode": "53919-4257",
      "geo": {
        "lat": "29.4572",
        "lng": "-164.2990"
      }
    },
    "phone": "493-170-9623 x156",
    "website": "kale.biz",
    "company": {
      "name": "Robel-Corkery",
      "catchPhrase": "Multi-tiered zero tolerance productivity",
      "bs": "transition cutting-edge web services"
    }
  },
  {
    "id": 5,
    "name": "Chelsey Dietrich",
    "username": "Kamren",
    "email": "Lucio_Hettinger@annie.ca",
    "address": {
      "street": "Skiles Walks",
      "suite": "Suite 351",
      "city": "Roscoeview",
      "zipcode": "33263",
      "geo": {
        "lat": "-31.8129",
        "lng": "62.5342"
      }
    },
    "phone": "(254)954-1289",
    "website": "demarco.info",
    "company": {
      "name": "Keebler LLC",
      "catchPhrase": "User-centric fault-tolerant solution",
      "bs": "revolutionize end-to-end systems"
    }
  },
  {
    "id": 6,
    "name": "Mrs. Dennis Schulist",
    "username": "Leopoldo_Corkery",
    "email": "Karley_Dach@jasper.info",
    "address": {
      "street": "Norberto Crossing",
      "suite": "Apt. 950",
      "city": "South Christy",
      "zipcode": "23505-1337",
      "geo": {
        "lat": "-71.4197",
        "lng": "71.7478"
      }
    },
    "phone": "1-477-935-8478 x6430",
    "website": "ola.org",
    "company": {
      "name": "Considine-Lockman",
      "catchPhrase": "Synchronised bottom-line interface",
      "bs": "e-enable innovative applications"
    }
  },
  {
    "id": 7,
    "name": "Kurtis Weissnat",
    "username": "Elwyn.Skiles",
    "email": "Telly.Hoeger@billy.biz",
    "address": {
      "street": "Rex Trail",
      "suite": "Suite 280",
      "city": "Howemouth",
      "zipcode": "58804-1099",
      "geo": {
        "lat": "24.8918",
        "lng": "21.8984"
      }
    },
    "phone": "210.067.6132",
    "website": "elvis.io",
    "company": {
      "name": "Johns Group",
      "catchPhrase": "Configurable multimedia task-force",
      "bs": "generate enterprise e-tailers"
    }
  },
  {
    "id": 8,
    "name": "Nicholas Runolfsdottir V",
    "username": "Maxime_Nienow",
    "email": "Sherwood@rosamond.me",
    "address": {
      "street": "Ellsworth Summit",
      "suite": "Suite 729",
      "city": "Aliyaview",
      "zipcode": "45169",
      "geo": {
        "lat": "-14.3990",
        "lng": "-120.7677"
      }
    },
    "phone": "586.493.6943 x140",
    "website": "jacynthe.com",
    "company": {
      "name": "Abernathy Group",
      "catchPhrase": "Implemented secondary concept",
      "bs": "e-enable extensible e-tailers"
    }
  },
  {
    "id": 9,
    "name": "Glenna Reichert",
    "username": "Delphine",
    "email": "Chaim_McDermott@dana.io",
    "address": {
      "street": "Dayna Park",
      "suite": "Suite 449",
      "city": "Bartholomebury",
      "zipcode": "76495-3109",
      "geo": {
        "lat": "24.6463",
        "lng": "-168.8889"
      }
    },
    "phone": "(775)976-6794 x41206",
    "website": "conrad.com",
    "company": {
      "name": "Yost and Sons",
      "catchPhrase": "Switchable contextually-based project",
      "bs": "aggregate real-time technologies"
    }
  },
  {
    "id": 10,
    "name": "Clementina DuBuque",
    "username": "Moriah.Stanton",
    "email": "Rey.Padberg@karina.biz",
    "address": {
      "street": "Kattie Turnpike",
      "suite": "Suite 198",
      "city": "Lebsackbury",
      "zipcode": "31428-2261",
      "geo": {
        "lat": "-38.2386",
        "lng": "57.2232"
      }
    },
    "phone": "024-648-3804",
    "website": "ambrose.net",
    "company": {
      "name": "Hoeger LLC",
      "catchPhrase": "Centralized empowering task-force",
      "bs": "target end-to-end models"
    }
  }
] 
 </msg>
<msg timestamp="20220213 15:44:27.282" level="INFO">C:\Users\Markus\AppData\Local\Programs\Python\Python310\lib\site-packages\urllib3\connectionpool.py:1043: InsecureRequestWarning: Unverified HTTPS request is being made to host 'jsonplaceholder.typicode.com'. Adding certificate verification is strongly advised. See: https://urllib3.readthedocs.io/en/1.26.x/advanced-usage.html#ssl-warnings
  warnings.warn(</msg>
<msg timestamp="20220213 15:44:27.282" level="INFO">${response} = &lt;Response [200]&gt;</msg>
<status status="PASS" starttime="20220213 15:44:27.155" endtime="20220213 15:44:27.282"/>
</kw>
<kw name="Convert To String" library="BuiltIn">
<var>${content_string}</var>
<arg>${response.content}</arg>
<doc>Converts the given item to a Unicode string.</doc>
<msg timestamp="20220213 15:44:27.283" level="INFO">${content_string} = [
  {
    "id": 1,
    "name": "Leanne Graham",
    "username": "Bret",
    "email": "Sincere@april.biz",
    "address": {
      "street": "Kulas Light",
      "suite": "Apt. 556",
      "city": "Gwen...</msg>
<status status="PASS" starttime="20220213 15:44:27.283" endtime="20220213 15:44:27.283"/>
</kw>
<kw name="Set Global Variable" library="BuiltIn">
<arg>${content_global}</arg>
<arg>${content_string}</arg>
<doc>Makes a variable available globally in all tests and suites.</doc>
<msg timestamp="20220213 15:44:27.284" level="INFO">${content_global} = [
  {
    "id": 1,
    "name": "Leanne Graham",
    "username": "Bret",
    "email": "Sincere@april.biz",
    "address": {
      "street": "Kulas Light",
      "suite": "Apt. 556",
      "city": "Gwen...</msg>
<status status="PASS" starttime="20220213 15:44:27.284" endtime="20220213 15:44:27.284"/>
</kw>
<status status="PASS" starttime="20220213 15:44:27.154" endtime="20220213 15:44:27.285"/>
</test>
<test id="s1-s1-t2" name="Compare the API data to true JSON file">
<kw name="Get File" library="OperatingSystem">
<var>${true_task1_json}</var>
<arg>files_to_compare/task1.json</arg>
<doc>Returns the contents of a specified file.</doc>
<msg timestamp="20220213 15:44:27.286" level="INFO" html="true">Getting file '&lt;a href="file://C:\Users\Markus\Documents\Robocorp\Robots\api-testing-robot\files_to_compare\task1.json"&gt;C:\Users\Markus\Documents\Robocorp\Robots\api-testing-robot\files_to_compare\task1.json&lt;/a&gt;'.</msg>
<msg timestamp="20220213 15:44:27.286" level="INFO">${true_task1_json} = [
    {
      "id": 1,
      "name": "Leanne Graham",
      "username": "Bret",
      "email": "Sincere@april.biz",
      "address": {
        "street": "Kulas Light",
        "suite": "Apt. 556",
   ...</msg>
<status status="PASS" starttime="20220213 15:44:27.286" endtime="20220213 15:44:27.286"/>
</kw>
<kw name="Convert To String" library="BuiltIn">
<var>${true_task1_string}</var>
<arg>${true_task1_json}</arg>
<doc>Converts the given item to a Unicode string.</doc>
<msg timestamp="20220213 15:44:27.287" level="INFO">${true_task1_string} = [
    {
      "id": 1,
      "name": "Leanne Graham",
      "username": "Bret",
      "email": "Sincere@april.biz",
      "address": {
        "street": "Kulas Light",
        "suite": "Apt. 556",
   ...</msg>
<status status="PASS" starttime="20220213 15:44:27.287" endtime="20220213 15:44:27.287"/>
</kw>
<kw name="Should Be Equal As Strings" library="BuiltIn">
<arg>${content_global}</arg>
<arg>${true_task1_string}</arg>
<doc>Fails if objects are unequal after converting them to strings.</doc>
<msg timestamp="20220213 15:44:27.288" level="INFO">[
  {
    "id": 1,
    "name": "Leanne Graham",
    "username": "Bret",
    "email": "Sincere@april.biz",
    "address": {
      "street": "Kulas Light",
      "suite": "Apt. 556",
      "city": "Gwenborough",
      "zipcode": "92998-3874",
      "geo": {
        "lat": "-37.3159",
        "lng": "81.1496"
      }
    },
    "phone": "1-770-736-8031 x56442",
    "website": "hildegard.org",
    "company": {
      "name": "Romaguera-Crona",
      "catchPhrase": "Multi-layered client-server neural-net",
      "bs": "harness real-time e-markets"
    }
  },
  {
    "id": 2,
    "name": "Ervin Howell",
    "username": "Antonette",
    "email": "Shanna@melissa.tv",
    "address": {
      "street": "Victor Plains",
      "suite": "Suite 879",
      "city": "Wisokyburgh",
      "zipcode": "90566-7771",
      "geo": {
        "lat": "-43.9509",
        "lng": "-34.4618"
      }
    },
    "phone": "010-692-6593 x09125",
    "website": "anastasia.net",
    "company": {
      "name": "Deckow-Crist",
      "catchPhrase": "Proactive didactic contingency",
      "bs": "synergize scalable supply-chains"
    }
  },
  {
    "id": 3,
    "name": "Clementine Bauch",
    "username": "Samantha",
    "email": "Nathan@yesenia.net",
    "address": {
      "street": "Douglas Extension",
      "suite": "Suite 847",
      "city": "McKenziehaven",
      "zipcode": "59590-4157",
      "geo": {
        "lat": "-68.6102",
        "lng": "-47.0653"
      }
    },
    "phone": "1-463-123-4447",
    "website": "ramiro.info",
    "company": {
      "name": "Romaguera-Jacobson",
      "catchPhrase": "Face to face bifurcated interface",
      "bs": "e-enable strategic applications"
    }
  },
  {
    "id": 4,
    "name": "Patricia Lebsack",
    "username": "Karianne",
    "email": "Julianne.OConner@kory.org",
    "address": {
      "street": "Hoeger Mall",
      "suite": "Apt. 692",
      "city": "South Elvis",
      "zipcode": "53919-4257",
      "geo": {
        "lat": "29.4572",
        "lng": "-164.2990"
      }
    },
    "phone": "493-170-9623 x156",
    "website": "kale.biz",
    "company": {
      "name": "Robel-Corkery",
      "catchPhrase": "Multi-tiered zero tolerance productivity",
      "bs": "transition cutting-edge web services"
    }
  },
  {
    "id": 5,
    "name": "Chelsey Dietrich",
    "username": "Kamren",
    "email": "Lucio_Hettinger@annie.ca",
    "address": {
      "street": "Skiles Walks",
      "suite": "Suite 351",
      "city": "Roscoeview",
      "zipcode": "33263",
      "geo": {
        "lat": "-31.8129",
        "lng": "62.5342"
      }
    },
    "phone": "(254)954-1289",
    "website": "demarco.info",
    "company": {
      "name": "Keebler LLC",
      "catchPhrase": "User-centric fault-tolerant solution",
      "bs": "revolutionize end-to-end systems"
    }
  },
  {
    "id": 6,
    "name": "Mrs. Dennis Schulist",
    "username": "Leopoldo_Corkery",
    "email": "Karley_Dach@jasper.info",
    "address": {
      "street": "Norberto Crossing",
      "suite": "Apt. 950",
      "city": "South Christy",
      "zipcode": "23505-1337",
      "geo": {
        "lat": "-71.4197",
        "lng": "71.7478"
      }
    },
    "phone": "1-477-935-8478 x6430",
    "website": "ola.org",
    "company": {
      "name": "Considine-Lockman",
      "catchPhrase": "Synchronised bottom-line interface",
      "bs": "e-enable innovative applications"
    }
  },
  {
    "id": 7,
    "name": "Kurtis Weissnat",
    "username": "Elwyn.Skiles",
    "email": "Telly.Hoeger@billy.biz",
    "address": {
      "street": "Rex Trail",
      "suite": "Suite 280",
      "city": "Howemouth",
      "zipcode": "58804-1099",
      "geo": {
        "lat": "24.8918",
        "lng": "21.8984"
      }
    },
    "phone": "210.067.6132",
    "website": "elvis.io",
    "company": {
      "name": "Johns Group",
      "catchPhrase": "Configurable multimedia task-force",
      "bs": "generate enterprise e-tailers"
    }
  },
  {
    "id": 8,
    "name": "Nicholas Runolfsdottir V",
    "username": "Maxime_Nienow",
    "email": "Sherwood@rosamond.me",
    "address": {
      "street": "Ellsworth Summit",
      "suite": "Suite 729",
      "city": "Aliyaview",
      "zipcode": "45169",
      "geo": {
        "lat": "-14.3990",
        "lng": "-120.7677"
      }
    },
    "phone": "586.493.6943 x140",
    "website": "jacynthe.com",
    "company": {
      "name": "Abernathy Group",
      "catchPhrase": "Implemented secondary concept",
      "bs": "e-enable extensible e-tailers"
    }
  },
  {
    "id": 9,
    "name": "Glenna Reichert",
    "username": "Delphine",
    "email": "Chaim_McDermott@dana.io",
    "address": {
      "street": "Dayna Park",
      "suite": "Suite 449",
      "city": "Bartholomebury",
      "zipcode": "76495-3109",
      "geo": {
        "lat": "24.6463",
        "lng": "-168.8889"
      }
    },
    "phone": "(775)976-6794 x41206",
    "website": "conrad.com",
    "company": {
      "name": "Yost and Sons",
      "catchPhrase": "Switchable contextually-based project",
      "bs": "aggregate real-time technologies"
    }
  },
  {
    "id": 10,
    "name": "Clementina DuBuque",
    "username": "Moriah.Stanton",
    "email": "Rey.Padberg@karina.biz",
    "address": {
      "street": "Kattie Turnpike",
      "suite": "Suite 198",
      "city": "Lebsackbury",
      "zipcode": "31428-2261",
      "geo": {
        "lat": "-38.2386",
        "lng": "57.2232"
      }
    },
    "phone": "024-648-3804",
    "website": "ambrose.net",
    "company": {
      "name": "Hoeger LLC",
      "catchPhrase": "Centralized empowering task-force",
      "bs": "target end-to-end models"
    }
  }
]

!=

[
    {
      "id": 1,
      "name": "Leanne Graham",
      "username": "Bret",
      "email": "Sincere@april.biz",
      "address": {
        "street": "Kulas Light",
        "suite": "Apt. 556",
        "city": "Gwenborough",
        "zipcode": "92998-3874",
        "geo": {
          "lat": "-37.3159",
          "lng": "81.1496"
        }
      },
      "phone": "1-770-736-8031 x56442",
      "website": "hildegard.org",
      "company": {
        "name": "Romaguera-Crona",
        "catchPhrase": "Multi-layered client-server neural-net",
        "bs": "harness real-time e-markets"
      }
    },
    {
      "id": 2,
      "name": "Ervin Howell",
      "username": "Antonette",
      "email": "Shanna@melissa.tv",
      "address": {
        "street": "Victor Plains",
        "suite": "Suite 879",
        "city": "Wisokyburgh",
        "zipcode": "90566-7771",
        "geo": {
          "lat": "-43.9509",
          "lng": "-34.4618"
        }
      },
      "phone": "010-692-6593 x09125",
      "website": "anastasia.net",
      "company": {
        "name": "Deckow-Crist",
        "catchPhrase": "Proactive didactic contingency",
        "bs": "synergize scalable supply-chains"
      }
    },
    {
      "id": 3,
      "name": "Clementine Bauch",
      "username": "Samantha",
      "email": "Nathan@yesenia.net",
      "address": {
        "street": "Douglas Extension",
        "suite": "Suite 847",
        "city": "McKenziehaven",
        "zipcode": "59590-4157",
        "geo": {
          "lat": "-68.6102",
          "lng": "-47.0653"
        }
      },
      "phone": "1-463-123-4447",
      "website": "ramiro.info",
      "company": {
        "name": "Romaguera-Jacobson",
        "catchPhrase": "Face to face bifurcated interface",
        "bs": "e-enable strategic applications"
      }
    },
    {
      "id": 4,
      "name": "Patricia Lebsack",
      "username": "Karianne",
      "email": "Julianne.OConner@kory.org",
      "address": {
        "street": "Hoeger Mall",
        "suite": "Apt. 692",
        "city": "South Elvis",
        "zipcode": "53919-4257",
        "geo": {
          "lat": "29.4572",
          "lng": "-164.2990"
        }
      },
      "phone": "493-170-9623 x156",
      "website": "kale.biz",
      "company": {
        "name": "Robel-Corkery",
        "catchPhrase": "Multi-tiered zero tolerance productivity",
        "bs": "transition cutting-edge web services"
      }
    },
    {
      "id": 5,
      "name": "Chelsey Dietrich",
      "username": "Kamren",
      "email": "Lucio_Hettinger@annie.ca",
      "address": {
        "street": "Skiles Walks",
        "suite": "Suite 351",
        "city": "Roscoeview",
        "zipcode": "33263",
        "geo": {
          "lat": "-31.8129",
          "lng": "62.5342"
        }
      },
      "phone": "(254)954-1289",
      "website": "demarco.info",
      "company": {
        "name": "Keebler LLC",
        "catchPhrase": "User-centric fault-tolerant solution",
        "bs": "revolutionize end-to-end systems"
      }
    },
    {
      "id": 6,
      "name": "Mrs. Dennis Schulist",
      "username": "Leopoldo_Corkery",
      "email": "Karley_Dach@jasper.info",
      "address": {
        "street": "Norberto Crossing",
        "suite": "Apt. 950",
        "city": "South Christy",
        "zipcode": "23505-1337",
        "geo": {
          "lat": "-71.4197",
          "lng": "71.7478"
        }
      },
      "phone": "1-477-935-8478 x6430",
      "website": "ola.org",
      "company": {
        "name": "Considine-Lockman",
        "catchPhrase": "Synchronised bottom-line interface",
        "bs": "e-enable innovative applications"
      }
    },
    {
      "id": 7,
      "name": "Kurtis Weissnat",
      "username": "Elwyn.Skiles",
      "email": "Telly.Hoeger@billy.biz",
      "address": {
        "street": "Rex Trail",
        "suite": "Suite 280",
        "city": "Howemouth",
        "zipcode": "58804-1099",
        "geo": {
          "lat": "24.8918",
          "lng": "21.8984"
        }
      },
      "phone": "210.067.6132",
      "website": "elvis.io",
      "company": {
        "name": "Johns Group",
        "catchPhrase": "Configurable multimedia task-force",
        "bs": "generate enterprise e-tailers"
      }
    },
    {
      "id": 8,
      "name": "Nicholas Runolfsdottir V",
      "username": "Maxime_Nienow",
      "email": "Sherwood@rosamond.me",
      "address": {
        "street": "Ellsworth Summit",
        "suite": "Suite 729",
        "city": "Aliyaview",
        "zipcode": "45169",
        "geo": {
          "lat": "-14.3990",
          "lng": "-120.7677"
        }
      },
      "phone": "586.493.6943 x140",
      "website": "jacynthe.com",
      "company": {
        "name": "Abernathy Group",
        "catchPhrase": "Implemented secondary concept",
        "bs": "e-enable extensible e-tailers"
      }
    },
    {
      "id": 9,
      "name": "Glenna Reichert",
      "username": "Delphine",
      "email": "Chaim_McDermott@dana.io",
      "address": {
        "street": "Dayna Park",
        "suite": "Suite 449",
        "city": "Bartholomebury",
        "zipcode": "76495-3109",
        "geo": {
          "lat": "24.6463",
          "lng": "-168.8889"
        }
      },
      "phone": "(775)976-6794 x41206",
      "website": "conrad.com",
      "company": {
        "name": "Yost and Sons",
        "catchPhrase": "Switchable contextually-based project",
        "bs": "aggregate real-time technologies"
      }
    },
    {
      "id": 10,
      "name": "Clementina DuBuque",
      "username": "Moriah.Stanton",
      "email": "Rey.Padberg@karina.biz",
      "address": {
        "street": "Kattie Turnpike",
        "suite": "Suite 198",
        "city": "Lebsackbury",
        "zipcode": "31428-2261",
        "geo": {
          "lat": "-38.2386",
          "lng": "57.2232"
        }
      },
      "phone": "024-648-3804",
      "website": "ambrose.net",
      "company": {
        "name": "Hoeger LLC",
        "catchPhrase": "Centralized empowering task-force",
        "bs": "target end-to-end models"
      }
    }
  ]</msg>
<msg timestamp="20220213 15:44:27.289" level="FAIL">Multiline strings are different:
--- first
+++ second
@@ -1,232 +1,232 @@
 [
-  {
-    "id": 1,
-    "name": "Leanne Graham",
-    "username": "Bret",
-    "email": "Sincere@april.biz",
-    "address": {
-      "street": "Kulas Light",
-      "suite": "Apt. 556",
-      "city": "Gwenborough",
-      "zipcode": "92998-3874",
-      "geo": {
-        "lat": "-37.3159",
-        "lng": "81.1496"
-      }
-    },
-    "phone": "1-770-736-8031 x56442",
-    "website": "hildegard.org",
-    "company": {
-      "name": "Romaguera-Crona",
-      "catchPhrase": "Multi-layered client-server neural-net",
-      "bs": "harness real-time e-markets"
+    {
+      "id": 1,
+      "name": "Leanne Graham",
+      "username": "Bret",
+      "email": "Sincere@april.biz",
+      "address": {
+        "street": "Kulas Light",
+        "suite": "Apt. 556",
+        "city": "Gwenborough",
+        "zipcode": "92998-3874",
+        "geo": {
+          "lat": "-37.3159",
+          "lng": "81.1496"
+        }
+      },
+      "phone": "1-770-736-8031 x56442",
+      "website": "hildegard.org",
+      "company": {
+        "name": "Romaguera-Crona",
+        "catchPhrase": "Multi-layered client-server neural-net",
+        "bs": "harness real-time e-markets"
+      }
+    },
+    {
+      "id": 2,
+      "name": "Ervin Howell",
+      "username": "Antonette",
+      "email": "Shanna@melissa.tv",
+      "address": {
+        "street": "Victor Plains",
+        "suite": "Suite 879",
+        "city": "Wisokyburgh",
+        "zipcode": "90566-7771",
+        "geo": {
+          "lat": "-43.9509",
+          "lng": "-34.4618"
+        }
+      },
+      "phone": "010-692-6593 x09125",
+      "website": "anastasia.net",
+      "company": {
+        "name": "Deckow-Crist",
+        "catchPhrase": "Proactive didactic contingency",
+        "bs": "synergize scalable supply-chains"
+      }
+    },
+    {
+      "id": 3,
+      "name": "Clementine Bauch",
+      "username": "Samantha",
+      "email": "Nathan@yesenia.net",
+      "address": {
+        "street": "Douglas Extension",
+        "suite": "Suite 847",
+        "city": "McKenziehaven",
+        "zipcode": "59590-4157",
+        "geo": {
+          "lat": "-68.6102",
+          "lng": "-47.0653"
+        }
+      },
+      "phone": "1-463-123-4447",
+      "website": "ramiro.info",
+      "company": {
+        "name": "Romaguera-Jacobson",
+        "catchPhrase": "Face to face bifurcated interface",
+        "bs": "e-enable strategic applications"
+      }
+    },
+    {
+      "id": 4,
+      "name": "Patricia Lebsack",
+      "username": "Karianne",
+      "email": "Julianne.OConner@kory.org",
+      "address": {
+        "street": "Hoeger Mall",
+        "suite": "Apt. 692",
+        "city": "South Elvis",
+        "zipcode": "53919-4257",
+        "geo": {
+          "lat": "29.4572",
+          "lng": "-164.2990"
+        }
+      },
+      "phone": "493-170-9623 x156",
+      "website": "kale.biz",
+      "company": {
+        "name": "Robel-Corkery",
+        "catchPhrase": "Multi-tiered zero tolerance productivity",
+        "bs": "transition cutting-edge web services"
+      }
+    },
+    {
+      "id": 5,
+      "name": "Chelsey Dietrich",
+      "username": "Kamren",
+      "email": "Lucio_Hettinger@annie.ca",
+      "address": {
+        "street": "Skiles Walks",
+        "suite": "Suite 351",
+        "city": "Roscoeview",
+        "zipcode": "33263",
+        "geo": {
+          "lat": "-31.8129",
+          "lng": "62.5342"
+        }
+      },
+      "phone": "(254)954-1289",
+      "website": "demarco.info",
+      "company": {
+        "name": "Keebler LLC",
+        "catchPhrase": "User-centric fault-tolerant solution",
+        "bs": "revolutionize end-to-end systems"
+      }
+    },
+    {
+      "id": 6,
+      "name": "Mrs. Dennis Schulist",
+      "username": "Leopoldo_Corkery",
+      "email": "Karley_Dach@jasper.info",
+      "address": {
+        "street": "Norberto Crossing",
+        "suite": "Apt. 950",
+        "city": "South Christy",
+        "zipcode": "23505-1337",
+        "geo": {
+          "lat": "-71.4197",
+          "lng": "71.7478"
+        }
+      },
+      "phone": "1-477-935-8478 x6430",
+      "website": "ola.org",
+      "company": {
+        "name": "Considine-Lockman",
+        "catchPhrase": "Synchronised bottom-line interface",
+        "bs": "e-enable innovative applications"
+      }
+    },
+    {
+      "id": 7,
+      "name": "Kurtis Weissnat",
+      "username": "Elwyn.Skiles",
+      "email": "Telly.Hoeger@billy.biz",
+      "address": {
+        "street": "Rex Trail",
+        "suite": "Suite 280",
+        "city": "Howemouth",
+        "zipcode": "58804-1099",
+        "geo": {
+          "lat": "24.8918",
+          "lng": "21.8984"
+        }
+      },
+      "phone": "210.067.6132",
+      "website": "elvis.io",
+      "company": {
+        "name": "Johns Group",
+        "catchPhrase": "Configurable multimedia task-force",
+        "bs": "generate enterprise e-tailers"
+      }
+    },
+    {
+      "id": 8,
+      "name": "Nicholas Runolfsdottir V",
+      "username": "Maxime_Nienow",
+      "email": "Sherwood@rosamond.me",
+      "address": {
+        "street": "Ellsworth Summit",
+        "suite": "Suite 729",
+        "city": "Aliyaview",
+        "zipcode": "45169",
+        "geo": {
+          "lat": "-14.3990",
+          "lng": "-120.7677"
+        }
+      },
+      "phone": "586.493.6943 x140",
+      "website": "jacynthe.com",
+      "company": {
+        "name": "Abernathy Group",
+        "catchPhrase": "Implemented secondary concept",
+        "bs": "e-enable extensible e-tailers"
+      }
+    },
+    {
+      "id": 9,
+      "name": "Glenna Reichert",
+      "username": "Delphine",
+      "email": "Chaim_McDermott@dana.io",
+      "address": {
+        "street": "Dayna Park",
+        "suite": "Suite 449",
+        "city": "Bartholomebury",
+        "zipcode": "76495-3109",
+        "geo": {
+          "lat": "24.6463",
+          "lng": "-168.8889"
+        }
+      },
+      "phone": "(775)976-6794 x41206",
+      "website": "conrad.com",
+      "company": {
+        "name": "Yost and Sons",
+        "catchPhrase": "Switchable contextually-based project",
+        "bs": "aggregate real-time technologies"
+      }
+    },
+    {
+      "id": 10,
+      "name": "Clementina DuBuque",
+      "username": "Moriah.Stanton",
+      "email": "Rey.Padberg@karina.biz",
+      "address": {
+        "street": "Kattie Turnpike",
+        "suite": "Suite 198",
+        "city": "Lebsackbury",
+        "zipcode": "31428-2261",
+        "geo": {
+          "lat": "-38.2386",
+          "lng": "57.2232"
+        }
+      },
+      "phone": "024-648-3804",
+      "website": "ambrose.net",
+      "company": {
+        "name": "Hoeger LLC",
+        "catchPhrase": "Centralized empowering task-force",
+        "bs": "target end-to-end models"
+      }
     }
-  },
-  {
-    "id": 2,
-    "name": "Ervin Howell",
-    "username": "Antonette",
-    "email": "Shanna@melissa.tv",
-    "address": {
-      "street": "Victor Plains",
-      "suite": "Suite 879",
-      "city": "Wisokyburgh",
-      "zipcode": "90566-7771",
-      "geo": {
-        "lat": "-43.9509",
-        "lng": "-34.4618"
-      }
-    },
-    "phone": "010-692-6593 x09125",
-    "website": "anastasia.net",
-    "company": {
-      "name": "Deckow-Crist",
-      "catchPhrase": "Proactive didactic contingency",
-      "bs": "synergize scalable supply-chains"
-    }
-  },
-  {
-    "id": 3,
-    "name": "Clementine Bauch",
-    "username": "Samantha",
-    "email": "Nathan@yesenia.net",
-    "address": {
-      "street": "Douglas Extension",
-      "suite": "Suite 847",
-      "city": "McKenziehaven",
-      "zipcode": "59590-4157",
-      "geo": {
-        "lat": "-68.6102",
-        "lng": "-47.0653"
-      }
-    },
-    "phone": "1-463-123-4447",
-    "website": "ramiro.info",
-    "company": {
-      "name": "Romaguera-Jacobson",
-      "catchPhrase": "Face to face bifurcated interface",
-      "bs": "e-enable strategic applications"
-    }
-  },
-  {
-    "id": 4,
-    "name": "Patricia Lebsack",
-    "username": "Karianne",
-    "email": "Julianne.OConner@kory.org",
-    "address": {
-      "street": "Hoeger Mall",
-      "suite": "Apt. 692",
-      "city": "South Elvis",
-      "zipcode": "53919-4257",
-      "geo": {
-        "lat": "29.4572",
-        "lng": "-164.2990"
-      }
-    },
-    "phone": "493-170-9623 x156",
-    "website": "kale.biz",
-    "company": {
-      "name": "Robel-Corkery",
-      "catchPhrase": "Multi-tiered zero tolerance productivity",
-      "bs": "transition cutting-edge web services"
-    }
-  },
-  {
-    "id": 5,
-    "name": "Chelsey Dietrich",
-    "username": "Kamren",
-    "email": "Lucio_Hettinger@annie.ca",
-    "address": {
-      "street": "Skiles Walks",
-      "suite": "Suite 351",
-      "city": "Roscoeview",
-      "zipcode": "33263",
-      "geo": {
-        "lat": "-31.8129",
-        "lng": "62.5342"
-      }
-    },
-    "phone": "(254)954-1289",
-    "website": "demarco.info",
-    "company": {
-      "name": "Keebler LLC",
-      "catchPhrase": "User-centric fault-tolerant solution",
-      "bs": "revolutionize end-to-end systems"
-    }
-  },
-  {
-    "id": 6,
-    "name": "Mrs. Dennis Schulist",
-    "username": "Leopoldo_Corkery",
-    "email": "Karley_Dach@jasper.info",
-    "address": {
-      "street": "Norberto Crossing",
-      "suite": "Apt. 950",
-      "city": "South Christy",
-      "zipcode": "23505-1337",
-      "geo": {
-        "lat": "-71.4197",
-        "lng": "71.7478"
-      }
-    },
-    "phone": "1-477-935-8478 x6430",
-    "website": "ola.org",
-    "company": {
-      "name": "Considine-Lockman",
-      "catchPhrase": "Synchronised bottom-line interface",
-      "bs": "e-enable innovative applications"
-    }
-  },
-  {
-    "id": 7,
-    "name": "Kurtis Weissnat",
-    "username": "Elwyn.Skiles",
-    "email": "Telly.Hoeger@billy.biz",
-    "address": {
-      "street": "Rex Trail",
-      "suite": "Suite 280",
-      "city": "Howemouth",
-      "zipcode": "58804-1099",
-      "geo": {
-        "lat": "24.8918",
-        "lng": "21.8984"
-      }
-    },
-    "phone": "210.067.6132",
-    "website": "elvis.io",
-    "company": {
-      "name": "Johns Group",
-      "catchPhrase": "Configurable multimedia task-force",
-      "bs": "generate enterprise e-tailers"
-    }
-  },
-  {
-    "id": 8,
-    "name": "Nicholas Runolfsdottir V",
-    "username": "Maxime_Nienow",
-    "email": "Sherwood@rosamond.me",
-    "address": {
-      "street": "Ellsworth Summit",
-      "suite": "Suite 729",
-      "city": "Aliyaview",
-      "zipcode": "45169",
-      "geo": {
-        "lat": "-14.3990",
-        "lng": "-120.7677"
-      }
-    },
-    "phone": "586.493.6943 x140",
-    "website": "jacynthe.com",
-    "company": {
-      "name": "Abernathy Group",
-      "catchPhrase": "Implemented secondary concept",
-      "bs": "e-enable extensible e-tailers"
-    }
-  },
-  {
-    "id": 9,
-    "name": "Glenna Reichert",
-    "username": "Delphine",
-    "email": "Chaim_McDermott@dana.io",
-    "address": {
-      "street": "Dayna Park",
-      "suite": "Suite 449",
-      "city": "Bartholomebury",
-      "zipcode": "76495-3109",
-      "geo": {
-        "lat": "24.6463",
-        "lng": "-168.8889"
-      }
-    },
-    "phone": "(775)976-6794 x41206",
-    "website": "conrad.com",
-    "company": {
-      "name": "Yost and Sons",
-      "catchPhrase": "Switchable contextually-based project",
-      "bs": "aggregate real-time technologies"
-    }
-  },
-  {
-    "id": 10,
-    "name": "Clementina DuBuque",
-    "username": "Moriah.Stanton",
-    "email": "Rey.Padberg@karina.biz",
-    "address": {
-      "street": "Kattie Turnpike",
-      "suite": "Suite 198",
-      "city": "Lebsackbury",
-      "zipcode": "31428-2261",
-      "geo": {
-        "lat": "-38.2386",
-        "lng": "57.2232"
-      }
-    },
-    "phone": "024-648-3804",
-    "website": "ambrose.net",
-    "company": {
-      "name": "Hoeger LLC",
-      "catchPhrase": "Centralized empowering task-force",
-      "bs": "target end-to-end models"
-    }
-  }
-]
+  ]</msg>
<status status="FAIL" starttime="20220213 15:44:27.287" endtime="20220213 15:44:27.289"/>
</kw>
<status status="FAIL" starttime="20220213 15:44:27.285" endtime="20220213 15:44:27.290">Multiline strings are different:
--- first
+++ second
@@ -1,232 +1,232 @@
 [
-  {
-    "id": 1,
-    "name": "Leanne Graham",
-    "username": "Bret",
-    "email": "Sincere@april.biz",
-    "address": {
-      "street": "Kulas Light",
-      "suite": "Apt. 556",
-      "city": "Gwenborough",
-      "zipcode": "92998-3874",
-      "geo": {
-        "lat": "-37.3159",
-        "lng": "81.1496"
-      }
-    },
    [ Message content over the limit has been removed. ]
-    "address": {
-      "street": "Kattie Turnpike",
-      "suite": "Suite 198",
-      "city": "Lebsackbury",
-      "zipcode": "31428-2261",
-      "geo": {
-        "lat": "-38.2386",
-        "lng": "57.2232"
-      }
-    },
-    "phone": "024-648-3804",
-    "website": "ambrose.net",
-    "company": {
-      "name": "Hoeger LLC",
-      "catchPhrase": "Centralized empowering task-force",
-      "bs": "target end-to-end models"
-    }
-  }
-]
+  ]</status>
</test>
<test id="s1-s1-t3" name="Compare the API data to fake JSON file">
<kw name="Get File" library="OperatingSystem">
<var>${fake_task1_json}</var>
<arg>files_to_compare/task1_fake.json</arg>
<doc>Returns the contents of a specified file.</doc>
<msg timestamp="20220213 15:44:27.294" level="INFO" html="true">Getting file '&lt;a href="file://C:\Users\Markus\Documents\Robocorp\Robots\api-testing-robot\files_to_compare\task1_fake.json"&gt;C:\Users\Markus\Documents\Robocorp\Robots\api-testing-robot\files_to_compare\task1_fake.json&lt;/a&gt;'.</msg>
<msg timestamp="20220213 15:44:27.294" level="INFO">${fake_task1_json} = [
    {
      "id": 1,
      "name": "Leanne Graham",
      "username": "Bret",
      "email": "Sincere@april.biz",
      "address": {
        "street": "Kulas Light",
        "suite": "Apt. 556",
   ...</msg>
<status status="PASS" starttime="20220213 15:44:27.293" endtime="20220213 15:44:27.294"/>
</kw>
<kw name="Convert To String" library="BuiltIn">
<var>${fake_task1_string}</var>
<arg>${fake_task1_json}</arg>
<doc>Converts the given item to a Unicode string.</doc>
<msg timestamp="20220213 15:44:27.294" level="INFO">${fake_task1_string} = [
    {
      "id": 1,
      "name": "Leanne Graham",
      "username": "Bret",
      "email": "Sincere@april.biz",
      "address": {
        "street": "Kulas Light",
        "suite": "Apt. 556",
   ...</msg>
<status status="PASS" starttime="20220213 15:44:27.294" endtime="20220213 15:44:27.294"/>
</kw>
<kw name="Should Not Be Equal As Strings" library="BuiltIn">
<arg>${content_global}</arg>
<arg>${fake_task1_string}</arg>
<doc>Fails if objects are equal after converting them to strings.</doc>
<status status="PASS" starttime="20220213 15:44:27.295" endtime="20220213 15:44:27.295"/>
</kw>
<status status="PASS" starttime="20220213 15:44:27.293" endtime="20220213 15:44:27.295"/>
</test>
<doc>Use GET request to https://jsonplaceholder.typicode.com/users and validate that the request is similar to the provided "task1.json" -file</doc>
<status status="FAIL" starttime="20220213 15:44:27.062" endtime="20220213 15:44:27.296"/>
</suite>
<status status="FAIL" starttime="20220213 15:44:27.042" endtime="20220213 15:44:27.297"/>
</suite>
<statistics>
<total>
<stat pass="2" fail="1" skip="0">All Tests</stat>
</total>
<tag>
</tag>
<suite>
<stat pass="2" fail="1" skip="0" id="s1" name="Api-Testing-Robot">Api-Testing-Robot</stat>
<stat pass="2" fail="1" skip="0" id="s1-s1" name="Tasks">Api-Testing-Robot.Tasks</stat>
</suite>
</statistics>
<errors>
</errors>
</robot>
