<?xml version="1.0" encoding="UTF-8"?>
<robot generator="Robot 4.1.3 (Python 3.7.5 on win32)" generated="20220214 13:58:37.444" rpa="true" schemaversion="2">
<suite id="s1" name="Tasks" source="c:\Users\Markus\Documents\Robocorp\Robots\website-testing-robot\tasks.robot">
<test id="s1-t1" name="Open the website, locate to the correct area and save a screenshot">
<kw name="Open browser and locate to given URL">
<kw name="Open Available Browser" library="RPA.Browser.Selenium">
<arg>https://www.elisa.fi</arg>
<arg>maximized: bool = True</arg>
<doc>Attempts to open a browser on the user's device from a set of
supported browsers. Automatically downloads a corresponding webdriver
if none is already installed.</doc>
<msg timestamp="20220214 13:58:38.166" level="INFO">Creating an instance of the Chrome WebDriver.</msg>
<msg timestamp="20220214 13:58:38.180" level="INFO">Created download root directory: C:\Users\Markus\AppData\Local\robocorp\webdrivers</msg>
<msg timestamp="20220214 13:58:38.180" level="INFO">Created symlink directory: C:\Users\Markus\AppData\Local\robocorp\webdrivers</msg>
<msg timestamp="20220214 13:58:38.180" level="INFO">Creating an instance of the Chrome WebDriver.</msg>
<msg timestamp="20220214 13:58:39.255" level="INFO">Created Chrome browser with arguments: --disable-dev-shm-usage --disable-web-security --allow-running-insecure-content --no-sandbox --enable-local-sync-backend --local-sync-backend-dir=C:\Users\Markus\AppData\Local\Google\Chrome\User Data --user-data-dir=C:\Users\Markus\AppData\Local\Google\Chrome\User Data</msg>
<msg timestamp="20220214 13:58:39.255" level="INFO" html="true">&lt;p&gt;Attempted combinations:&lt;/p&gt;&lt;div class="doc"&gt;&lt;table&gt;&lt;tr&gt;&lt;th&gt;Browser&lt;/th&gt;&lt;th&gt;Download&lt;/th&gt;&lt;th&gt;Error&lt;/th&gt;&lt;/tr&gt;&lt;tr&gt;&lt;td&gt;Chrome&lt;/td&gt;&lt;td&gt;False&lt;/td&gt;&lt;td&gt;Message: 'chromedriver' executable needs to be in PATH. Please see https://sites.google.com/a/chromium.org/chromedriver/home
&lt;/td&gt;&lt;/tr&gt;&lt;tr&gt;&lt;td&gt;Chrome&lt;/td&gt;&lt;td&gt;True&lt;/td&gt;&lt;td&gt;&lt;/td&gt;&lt;/tr&gt;&lt;/table&gt;&lt;/div&gt;</msg>
<msg timestamp="20220214 13:58:39.255" level="INFO">Opening url 'https://www.elisa.fi'</msg>
<status status="PASS" starttime="20220214 13:58:38.165" endtime="20220214 13:58:40.729"/>
</kw>
<status status="PASS" starttime="20220214 13:58:38.165" endtime="20220214 13:58:40.729"/>
</kw>
<kw name="Select the category for home internet connections">
<kw name="Wait Until Page Contains Element" library="RPA.Browser.Selenium">
<arg>css:li.ea-category-menu__item:nth-child(3) &gt; a:nth-child(1)</arg>
<doc>Waits until the element ``locator`` appears on the current page.</doc>
<status status="PASS" starttime="20220214 13:58:40.730" endtime="20220214 13:58:40.828"/>
</kw>
<kw name="Click Element" library="RPA.Browser.Selenium">
<arg>css:li.ea-category-menu__item:nth-child(3) &gt; a:nth-child(1)</arg>
<doc>Click the element identified by ``locator``.</doc>
<msg timestamp="20220214 13:58:40.828" level="INFO">Clicking element 'css:li.ea-category-menu__item:nth-child(3) &gt; a:nth-child(1)'.</msg>
<status status="PASS" starttime="20220214 13:58:40.828" endtime="20220214 13:58:40.936"/>
</kw>
<status status="PASS" starttime="20220214 13:58:40.730" endtime="20220214 13:58:40.936"/>
</kw>
<kw name="Input postal code and address">
<kw name="Wait Until Page Contains Element" library="RPA.Browser.Selenium">
<arg>css:#klk-page &gt; div &gt; div &gt; div &gt; div.klk-hero-addressform-wrapper.tabbed &gt; div.klk-page__address-selector &gt; div &gt; form</arg>
<doc>Waits until the element ``locator`` appears on the current page.</doc>
<status status="PASS" starttime="20220214 13:58:40.936" endtime="20220214 13:58:44.286"/>
</kw>
<kw name="Input Text" library="RPA.Browser.Selenium">
<arg>css:input[placeholder="Postinumero"]</arg>
<arg>00520</arg>
<doc>Types the given ``text`` into the text field identified by ``locator``.</doc>
<msg timestamp="20220214 13:58:44.286" level="INFO">Typing text '00520' into text field 'css:input[placeholder="Postinumero"]'.</msg>
<status status="PASS" starttime="20220214 13:58:44.286" endtime="20220214 13:58:44.446"/>
</kw>
<kw name="Sleep" library="BuiltIn">
<arg>2 seconds</arg>
<doc>Pauses the test executed for the given time.</doc>
<msg timestamp="20220214 13:58:46.448" level="INFO">Slept 2 seconds</msg>
<status status="PASS" starttime="20220214 13:58:44.446" endtime="20220214 13:58:46.448"/>
</kw>
<kw name="Input Text" library="RPA.Browser.Selenium">
<arg>css:input[placeholder="Syötä osoite"]</arg>
<arg>Ratavartijankatu</arg>
<doc>Types the given ``text`` into the text field identified by ``locator``.</doc>
<msg timestamp="20220214 13:58:46.448" level="INFO">Typing text 'Ratavartijankatu' into text field 'css:input[placeholder="Syötä osoite"]'.</msg>
<status status="PASS" starttime="20220214 13:58:46.448" endtime="20220214 13:58:46.524"/>
</kw>
<kw name="Press Keys" library="RPA.Browser.Selenium">
<arg>css:input[placeholder="Syötä osoite"]</arg>
<arg>SPACE</arg>
<doc>Simulates the user pressing key(s) to an element or on the active browser.</doc>
<msg timestamp="20220214 13:58:46.525" level="INFO">Sending key(s) ('SPACE',) to css:input[placeholder="Syötä osoite"] element.</msg>
<msg timestamp="20220214 13:58:46.822" level="INFO">Pressing special key SPACE to element.</msg>
<msg timestamp="20220214 13:58:46.823" level="INFO">Releasing special key SPACE.</msg>
<status status="PASS" starttime="20220214 13:58:46.524" endtime="20220214 13:58:46.827"/>
</kw>
<kw name="Press Keys" library="RPA.Browser.Selenium">
<arg>css:input[placeholder="Syötä osoite"]</arg>
<arg>1</arg>
<doc>Simulates the user pressing key(s) to an element or on the active browser.</doc>
<msg timestamp="20220214 13:58:46.828" level="INFO">Sending key(s) ('1',) to css:input[placeholder="Syötä osoite"] element.</msg>
<msg timestamp="20220214 13:58:47.107" level="INFO">Sending key 1</msg>
<status status="PASS" starttime="20220214 13:58:46.828" endtime="20220214 13:58:47.113"/>
</kw>
<kw name="Press Keys" library="RPA.Browser.Selenium">
<arg>css:#klk-page-new---step-1-0-address &gt; input</arg>
<arg>ENTER</arg>
<doc>Simulates the user pressing key(s) to an element or on the active browser.</doc>
<msg timestamp="20220214 13:58:47.114" level="INFO">Sending key(s) ('ENTER',) to css:#klk-page-new---step-1-0-address &gt; input element.</msg>
<msg timestamp="20220214 13:58:47.416" level="INFO">Pressing special key ENTER to element.</msg>
<msg timestamp="20220214 13:58:47.416" level="INFO">Releasing special key ENTER.</msg>
<status status="PASS" starttime="20220214 13:58:47.114" endtime="20220214 13:58:47.423"/>
</kw>
<status status="PASS" starttime="20220214 13:58:40.936" endtime="20220214 13:58:47.423"/>
</kw>
<kw name="Capture and save screenshot">
<kw name="Sleep" library="BuiltIn">
<arg>5 seconds</arg>
<doc>Pauses the test executed for the given time.</doc>
<msg timestamp="20220214 13:58:52.426" level="INFO">Slept 5 seconds</msg>
<status status="PASS" starttime="20220214 13:58:47.424" endtime="20220214 13:58:52.426"/>
</kw>
<kw name="Capture Page Screenshot" library="RPA.Browser.Selenium">
<arg>${OUTPUT_DIR}${/}screenshot.png</arg>
<doc>Takes a screenshot of the current page and embeds it into a log file.</doc>
<msg timestamp="20220214 13:58:52.525" level="INFO" html="true">&lt;/td&gt;&lt;/tr&gt;&lt;tr&gt;&lt;td colspan="3"&gt;&lt;a href="screenshot.png"&gt;&lt;img src="screenshot.png" width="800px"&gt;&lt;/a&gt;</msg>
<status status="PASS" starttime="20220214 13:58:52.426" endtime="20220214 13:58:52.525"/>
</kw>
<status status="PASS" starttime="20220214 13:58:47.423" endtime="20220214 13:58:52.525"/>
</kw>
<kw name="Close the browser" type="TEARDOWN">
<kw name="Close Browser" library="RPA.Browser.Selenium">
<doc>Closes the current browser.</doc>
<status status="PASS" starttime="20220214 13:58:52.526" endtime="20220214 13:58:54.676"/>
</kw>
<status status="PASS" starttime="20220214 13:58:52.525" endtime="20220214 13:58:54.676"/>
</kw>
<status status="PASS" starttime="20220214 13:58:38.164" endtime="20220214 13:58:54.676"/>
</test>
<doc>The robot locates to Elisa.fi -website, searches for available options for home Internet connection in the given address and saves a screenshot.</doc>
<status status="PASS" starttime="20220214 13:58:37.445" endtime="20220214 13:58:54.677"/>
</suite>
<statistics>
<total>
<stat pass="1" fail="0" skip="0">All Tasks</stat>
</total>
<tag>
</tag>
<suite>
<stat pass="1" fail="0" skip="0" id="s1" name="Tasks">Tasks</stat>
</suite>
</statistics>
<errors>
</errors>
</robot>
